◇ injecting env (4) from .env // tip: ⌘ custom filepath { path: '/custom/path/.env' }
(node:3228637) [DEP0040] DeprecationWarning: The `punycode` module is deprecated. Please use a userland alternative instead.
(Use `node --trace-deprecation ...` to show where the warning was created)
🌐 Health check server running on port 3000
/run/media/moooka/projects/projects/SAH-Mini-App/bot/node_modules/telegraf/lib/core/network/client.js:315
            throw new error_1.default(data, { method, payload });
                  ^

TelegramError: 409: Conflict: terminated by other getUpdates request; make sure that only one bot instance is running
    at Telegram.callApi (/run/media/moooka/projects/projects/SAH-Mini-App/bot/node_modules/telegraf/lib/core/network/client.js:315:19)
    at process.processTicksAndRejections (node:internal/process/task_queues:103:5)
    at async [Symbol.asyncIterator] (/run/media/moooka/projects/projects/SAH-Mini-App/bot/node_modules/telegraf/lib/core/network/polling.js:30:33)
    at async Polling.loop (/run/media/moooka/projects/projects/SAH-Mini-App/bot/node_modules/telegraf/lib/core/network/polling.js:73:30)
    at async Telegraf.launch (/run/media/moooka/projects/projects/SAH-Mini-App/bot/node_modules/telegraf/lib/telegraf.js:194:13) {
  response: {
    ok: false,
    error_code: 409,
    description: 'Conflict: terminated by other getUpdates request; make sure that only one bot instance is running'
  },
  on: {
    method: 'getUpdates',
    payload: { timeout: 50, offset: 0, allowed_updates: [] }
  }
}

Node.js v22.22.2
